SF:lib\src\text_chunk_styling.dart
DA:87,1
DA:104,1
DA:105,2
DA:107,2
DA:111,2
DA:112,1
DA:113,1
DA:114,2
DA:115,4
DA:119,1
DA:121,2
DA:124,1
DA:125,1
DA:126,1
DA:127,3
DA:130,5
DA:131,2
DA:132,5
DA:136,2
DA:137,1
DA:138,1
DA:139,4
DA:140,1
DA:141,3
DA:144,1
DA:146,0
DA:147,0
DA:148,0
DA:151,3
DA:152,4
DA:153,2
DA:154,2
DA:158,1
DA:159,1
DA:160,4
DA:161,1
DA:163,1
DA:164,1
DA:165,1
DA:166,1
DA:167,1
DA:168,2
DA:169,2
DA:170,1
DA:171,1
DA:172,1
DA:173,1
DA:175,3
DA:177,3
DA:178,3
DA:181,1
LF:51
LH:48
end_of_record
